<?xml version="1.0" encoding="UTF-8"?>
<!-- Generated by org.testng.reporters.JUnitXMLReporter -->
<testsuite ignored="0" hostname="DESKTOP-G87JEF3" failures="1" tests="4" name="Test" time="10.963" errors="0" timestamp="2023-02-08T00:18:56 IST">
  <testcase classname="SeleniumInterviewQ.RunFiledTestCases" name="Testcase1" time="2.135">
    <skipped/>
  </testcase> <!-- Testcase1 -->
  <testcase classname="SeleniumInterviewQ.RunFiledTestCases" name="Testcase1" time="1.405">
    <skipped/>
  </testcase> <!-- Testcase1 -->
  <testcase classname="SeleniumInterviewQ.RunFiledTestCases" name="Testcase1" time="1.124">
    <skipped/>
  </testcase> <!-- Testcase1 -->
  <testcase classname="SeleniumInterviewQ.RunFiledTestCases" name="Testcase1" time="0.592">
    <failure type="java.lang.AssertionError">
      <![CDATA[java.lang.AssertionError
at SeleniumInterviewQ.RunFiledTestCases.Testcase1(RunFiledTestCases.java:36)
at java.base/java.util.ArrayList.forEach(ArrayList.java:1511)
... Removed 27 stack frames]]>
    </failure>
  </testcase> <!-- Testcase1 -->
</testsuite> <!-- Test -->
