<?xml version="1.0" encoding="UTF-8"?>
<!-- Generated by org.testng.reporters.JUnitXMLReporter -->
<testsuite ignored="0" hostname="DESKTOP-G87JEF3" failures="0" tests="11" name="Default test" time="0.183" errors="0" timestamp="2023-02-13T15:41:42 IST">
  <testcase classname="SeleniumInterviewQ.RunFiledTestCases" name="@BeforeTest befortest" time="-1.676283102642E9">
    <failure type="org.testng.TestNGException" message="
Parameter &amp;apos;browser&amp;apos; is required by BeforeTest on method befortest but has not been marked @Optional or defined
in C:\Users\ADMIN\AppData\Local\Temp\testng-eclipse--747265075\testng-customsuite.xml">
      <![CDATA[org.testng.TestNGException: 
Parameter 'browser' is required by BeforeTest on method befortest but has not been marked @Optional or defined
in C:\Users\ADMIN\AppData\Local\Temp\testng-eclipse--747265075\testng-customsuite.xml
at org.testng.internal.Parameters.createParams(Parameters.java:270)
at org.testng.internal.Parameters.createParametersForMethod(Parameters.java:358)
at org.testng.internal.Parameters.createParameters(Parameters.java:700)
at org.testng.internal.Parameters.createConfigurationParameters(Parameters.java:168)
at org.testng.internal.ConfigInvoker.invokeConfigurations(ConfigInvoker.java:302)
at org.testng.TestRunner.invokeTestConfigurations(TestRunner.java:637)
at org.testng.TestRunner.beforeRun(TestRunner.java:627)
at org.testng.TestRunner.run(TestRunner.java:589)
at org.testng.SuiteRunner.runTest(SuiteRunner.java:377)
at org.testng.SuiteRunner.runSequentially(SuiteRunner.java:371)
at org.testng.SuiteRunner.privateRun(SuiteRunner.java:332)
at org.testng.SuiteRunner.run(SuiteRunner.java:276)
at org.testng.SuiteRunnerWorker.runSuite(SuiteRunnerWorker.java:53)
at org.testng.SuiteRunnerWorker.run(SuiteRunnerWorker.java:96)
at org.testng.TestNG.runSuitesSequentially(TestNG.java:1212)
at org.testng.TestNG.runSuitesLocally(TestNG.java:1134)
at org.testng.TestNG.runSuites(TestNG.java:1063)
at org.testng.TestNG.run(TestNG.java:1031)
at org.testng.remote.AbstractRemoteTestNG.run(AbstractRemoteTestNG.java:115)
at org.testng.remote.RemoteTestNG.initAndRun(RemoteTestNG.java:251)
at org.testng.remote.RemoteTestNG.main(RemoteTestNG.java:77)
]]>
    </failure>
  </testcase> <!-- @BeforeTest befortest -->
  <testcase classname="SeleniumInterviewQ.RunFiledTestCases" name="@AfterTest aftertest" time="-1.676283102813E9">
    <skipped/>
  </testcase> <!-- @AfterTest aftertest -->
  <testcase classname="SeleniumInterviewQ.RunFiledTestCases" name="Testcase1" time="0.0">
    <skipped/>
  </testcase> <!-- Testcase1 -->
  <testcase classname="SeleniumInterviewQ.RunFiledTestCases" name="Testcase10" time="0.0">
    <skipped/>
  </testcase> <!-- Testcase10 -->
  <testcase classname="SeleniumInterviewQ.RunFiledTestCases" name="Testcase11" time="0.0">
    <skipped/>
  </testcase> <!-- Testcase11 -->
  <testcase classname="SeleniumInterviewQ.RunFiledTestCases" name="Testcase2" time="0.0">
    <skipped/>
  </testcase> <!-- Testcase2 -->
  <testcase classname="SeleniumInterviewQ.RunFiledTestCases" name="Testcase3" time="0.0">
    <skipped/>
  </testcase> <!-- Testcase3 -->
  <testcase classname="SeleniumInterviewQ.RunFiledTestCases" name="Testcase4" time="0.0">
    <skipped/>
  </testcase> <!-- Testcase4 -->
  <testcase classname="SeleniumInterviewQ.RunFiledTestCases" name="Testcase5" time="0.0">
    <skipped/>
  </testcase> <!-- Testcase5 -->
  <testcase classname="SeleniumInterviewQ.RunFiledTestCases" name="Testcase6" time="0.0">
    <skipped/>
  </testcase> <!-- Testcase6 -->
  <testcase classname="SeleniumInterviewQ.RunFiledTestCases" name="Testcase7" time="0.0">
    <skipped/>
  </testcase> <!-- Testcase7 -->
  <testcase classname="SeleniumInterviewQ.RunFiledTestCases" name="Testcase8" time="0.0">
    <skipped/>
  </testcase> <!-- Testcase8 -->
  <testcase classname="SeleniumInterviewQ.RunFiledTestCases" name="Testcase9" time="0.0">
    <skipped/>
  </testcase> <!-- Testcase9 -->
</testsuite> <!-- Default test -->
